[18:57:31] [ServerMain/INFO]: Environment: authHost='https://authserver.mojang.com', accountsHost='https://api.mojang.com', sessionHost='https://sessionserver.mojang.com', servicesHost='https://api.minecraftservices.com', name='PROD'
[18:57:33] [ServerMain/INFO]: Loaded 7 recipes
[18:57:34] [ServerMain/INFO]: Loaded 1271 advancements
[18:57:34] [Server thread/INFO]: Starting minecraft server version 1.20
[18:57:34] [Server thread/INFO]: Loading properties
[18:57:34] [Server thread/INFO]: Default game type: SURVIVAL
[18:57:34] [Server thread/INFO]: Generating keypair
[18:57:35] [Server thread/INFO]: Starting Minecraft server on *:25565
[18:57:35] [Server thread/INFO]: Using epoll channel type
[18:57:35] [Server thread/WARN]: **** SERVER IS RUNNING IN OFFLINE/INSECURE MODE!
[18:57:35] [Server thread/WARN]: The server will make no attempt to authenticate usernames. Beware.
[18:57:35] [Server thread/WARN]: While this makes the game possible to play without internet access, it also opens up the ability for hackers to connect with any username they choose.
[18:57:35] [Server thread/WARN]: To change this, set "online-mode" to "true" in the server.properties file.
[18:57:35] [Server thread/INFO]: Preparing level "world"
[18:57:41] [Server thread/INFO]: Preparing start region for dimension minecraft:overworld
[18:57:48] [Worker-Main-1/INFO]: Preparing spawn area: 0%
[18:57:48] [Worker-Main-1/INFO]: Preparing spawn area: 0%
[18:57:48] [Worker-Main-1/INFO]: Preparing spawn area: 0%
[18:57:48] [Worker-Main-1/INFO]: Preparing spawn area: 0%
[18:57:48] [Worker-Main-1/INFO]: Preparing spawn area: 0%
[18:57:48] [Worker-Main-1/INFO]: Preparing spawn area: 0%
[18:57:48] [Worker-Main-1/INFO]: Preparing spawn area: 0%
[18:57:48] [Worker-Main-1/INFO]: Preparing spawn area: 0%
[18:57:48] [Worker-Main-1/INFO]: Preparing spawn area: 0%
[18:57:48] [Worker-Main-1/INFO]: Preparing spawn area: 0%
[18:57:48] [Worker-Main-1/INFO]: Preparing spawn area: 0%
[18:57:48] [Worker-Main-1/INFO]: Preparing spawn area: 0%
[18:57:48] [Worker-Main-1/INFO]: Preparing spawn area: 0%
[18:57:48] [Worker-Main-1/INFO]: Preparing spawn area: 0%
[18:57:48] [Worker-Main-1/INFO]: Preparing spawn area: 0%
[18:57:48] [Worker-Main-1/INFO]: Preparing spawn area: 0%
[18:57:49] [Worker-Main-1/INFO]: Preparing spawn area: 0%
[18:57:49] [Worker-Main-1/INFO]: Preparing spawn area: 0%
[18:57:50] [Server thread/INFO]: Time elapsed: 9130 ms
[18:57:50] [Server thread/INFO]: Done (14.952s)! For help, type "help"
[18:59:02] [Server thread/INFO]: Lea[/127.109.118.214:38595] logged in with entity id 83 at (-458.64694086112866, 64.5625, 191.53152927377147)
[18:59:02] [Server thread/INFO]: Lea joined the game
[18:59:32] [Server thread/INFO]: Lea lost connection: Timed out
[18:59:32] [Server thread/INFO]: Lea left the game
[18:59:57] [Server thread/INFO]: Lea[/127.109.118.214:52451] logged in with entity id 538 at (-448.70149441944693, 66.10000000000005, 193.49142300245663)
[18:59:57] [Server thread/INFO]: Lea joined the game
